<?xml version="1.0" encoding="UTF-8"?>
<!-- Generated by org.testng.reporters.JUnitReportReporter -->
<testsuite hostname="soc-macmini-17.local" failures="0" tests="1" name="com.flight_Review.reviewClass" time="5.229" errors="0" timestamp="23 Aug 2018 08:36:43 GMT" skipped="0">
  <testcase classname="com.flight_Review.reviewClass" name="reviewFlight" time="5.229"/>
</testsuite> <!-- com.flight_Review.reviewClass -->
