<?xml version="1.0" encoding="UTF-8"?>
<!-- Generated by org.testng.reporters.JUnitReportReporter -->
<testsuite hostname="soc-macmini-17.local" failures="0" tests="1" name="com.flight_Selection.flightClass" time="37.916" errors="0" timestamp="23 Aug 2018 08:36:43 GMT" skipped="0">
  <testcase classname="com.flight_Selection.flightClass" name="flight" time="37.916"/>
</testsuite> <!-- com.flight_Selection.flightClass -->
